<?xml version="1.0" encoding="UTF-8"?>
<!-- Generated by org.testng.reporters.JUnitXMLReporter -->
<testsuite ignored="4" hostname="DESKTOP-BOS5N1B" failures="0" tests="1" name="Default test" time="14.844" errors="0" timestamp="2023-11-06T21:52:24 CST">
  <testcase classname="SalesforceSeptember.LoginSalesForce" name="Forgotpassword4a" time="3.436"/>
  <testcase classname="SalesforceSeptember.LoginSalesForce" name="loginClearPassword" time="0.0">
    <ignored/>
  </testcase> <!-- loginClearPassword -->
  <testcase classname="SalesforceSeptember.LoginSalesForce" name="validlogin_to_Salesforce" time="0.0">
    <ignored/>
  </testcase> <!-- validlogin_to_Salesforce -->
  <testcase classname="SalesforceSeptember.LoginSalesForce" name="RememberMe" time="0.0">
    <ignored/>
  </testcase> <!-- RememberMe -->
  <testcase classname="SalesforceSeptember.LoginSalesForce" name="Wrongpassword4b" time="0.0">
    <ignored/>
  </testcase> <!-- Wrongpassword4b -->
</testsuite> <!-- Default test -->
