<?xml version="1.0" encoding="UTF-8"?>
<testng-results ignored="4" total="5" passed="1" failed="0" skipped="0">
  <reporter-output>
  </reporter-output>
  <suite started-at="2023-11-06T21:52:09 CST" name="Default suite" finished-at="2023-11-06T21:52:24 CST" duration-ms="14844">
    <groups>
    </groups>
    <test started-at="2023-11-06T21:52:09 CST" name="Default test" finished-at="2023-11-06T21:52:24 CST" duration-ms="14844">
      <class name="SalesforceSeptember.LoginSalesForce">
        <test-method is-config="true" signature="launchBrowser()[pri:0, instance:SalesforceSeptember.LoginSalesForce@1dde4cb2]" started-at="2023-11-06T21:52:09 CST" name="launchBrowser" finished-at="2023-11-06T21:52:20 CST" duration-ms="10690" status="PASS">
          <reporter-output>
          </reporter-output>
        </test-method> <!-- launchBrowser -->
        <test-method signature="Forgotpassword4a()[pri:0, instance:SalesforceSeptember.LoginSalesForce@1dde4cb2]" started-at="2023-11-06T21:52:20 CST" name="Forgotpassword4a" finished-at="2023-11-06T21:52:23 CST" duration-ms="3436" status="PASS">
          <reporter-output>
          </reporter-output>
        </test-method> <!-- Forgotpassword4a -->
        <test-method is-config="true" signature="tearDown()[pri:0, instance:SalesforceSeptember.LoginSalesForce@1dde4cb2]" started-at="2023-11-06T21:52:23 CST" name="tearDown" finished-at="2023-11-06T21:52:24 CST" duration-ms="639" status="PASS">
          <reporter-output>
          </reporter-output>
        </test-method> <!-- tearDown -->
      </class> <!-- SalesforceSeptember.LoginSalesForce -->
    </test> <!-- Default test -->
  </suite> <!-- Default suite -->
</testng-results>
